MSG: 2024/03/07 00:16:35 bot.go:38: inexizi : bye
MSG: 2024/03/07 00:16:36 bot.go:38: Spooty : Good Bye
MSG: 2024/03/07 00:31:07 bot.go:39: inexizi: 1
MSG: 2024/03/07 00:31:07 bot.go:39: Spooty: 2
MSG: 2024/03/07 00:32:23 bot.go:38: inexizi: 11
MSG: 2024/03/07 00:32:24 bot.go:38: Spooty: 2
MSG: 2024/03/07 00:33:20 bot.go:37: inexizi: 11
MSG: 2024/03/07 00:33:21 bot.go:37: inexizi: 1
MSG: 2024/03/07 00:33:21 bot.go:37: Spooty: 2
MSG: 2024/03/07 00:33:25 bot.go:37: inexizi: 111
MSG: 2024/03/07 00:33:28 bot.go:37: inexizi: 1 1 1
MSG: 2024/03/07 23:25:34 bot.go:37: inexizi: 1
MSG: 2024/03/07 23:25:35 bot.go:37: Spooty: 2
MSG: 2024/03/12 18:27:19 bot.go:37: inexizi: !song
MSG: 2024/03/12 18:27:59 bot.go:37: inexizi: 1
MSG: 2024/03/12 18:28:00 bot.go:37: Spooty: 2
MSG: 2024/03/12 18:28:03 bot.go:37: inexizi: !song
MSG: 2024/03/12 18:49:02 bot.go:37: inexizi: !song
MSG: 2024/03/12 19:07:37 bot.go:37: inexizi: !song
MSG: 2024/03/12 19:24:30 bot.go:37: inexizi: !song
MSG: 2024/03/12 19:25:41 bot.go:37: inexizi: !song
MSG: 2024/03/12 19:26:30 bot.go:37: inexizi: !song
MSG: 2024/03/12 19:36:14 bot.go:37: inexizi: !song
MSG: 2024/03/12 19:37:09 bot.go:37: inexizi: !song
MSG: 2024/03/12 19:38:48 bot.go:37: inexizi: !song
MSG: 2024/03/12 19:40:37 bot.go:37: inexizi: !song
MSG: 2024/03/12 19:40:38 bot.go:37: Spooty: sing!
MSG: 2024/03/12 19:54:55 bot.go:38: inexizi: !song
MSG: 2024/03/12 19:54:55 bot.go:38: Spooty: sing!
MSG: 2024/03/12 19:58:54 bot.go:38: inexizi: !song
MSG: 2024/03/12 19:58:55 bot.go:38: Spooty: sing!
MSG: 2024/03/12 20:29:13 bot.go:38: inexizi: !song
MSG: 2024/03/12 20:29:13 bot.go:38: Spooty: sing!
MSG: 2024/03/12 20:31:15 bot.go:38: inexizi: !song
MSG: 2024/03/12 20:31:16 bot.go:38: Spooty: sing!
MSG: 2024/03/12 21:57:25 bot.go:38: inexizi: !song
MSG: 2024/03/12 21:57:25 bot.go:38: Spooty: sing!
MSG: 2024/03/12 23:44:22 bot.go:38: inexizi: !song
MSG: 2024/03/12 23:44:23 bot.go:38: Spooty: sing!
MSG: 2024/03/12 23:47:08 bot.go:38: inexizi: !song
MSG: 2024/03/12 23:47:09 bot.go:38: Spooty: sing!
MSG: 2024/03/12 23:48:19 bot.go:38: inexizi: !song
MSG: 2024/03/12 23:48:20 bot.go:38: Spooty: sing!
MSG: 2024/03/12 23:53:03 bot.go:89: inexizi: !song
MSG: 2024/03/12 23:53:04 bot.go:89: Spooty: sing!
MSG: 2024/03/12 23:53:43 bot.go:89: inexizi: !song
MSG: 2024/03/12 23:53:43 bot.go:89: Spooty: sing!
MSG: 2024/03/12 23:55:48 bot.go:89: inexizi: !song
MSG: 2024/03/12 23:55:48 bot.go:89: Spooty: sing!
MSG: 2024/03/13 00:21:39 bot.go:87: inexizi: !song
MSG: 2024/03/13 00:21:39 bot.go:87: Spooty: sing!
MSG: 2024/03/13 00:22:50 bot.go:87: inexizi: !song
MSG: 2024/03/13 00:22:50 bot.go:87: Spooty: sing!
MSG: 2024/03/13 00:24:05 bot.go:82: inexizi: !song
MSG: 2024/03/13 00:24:05 bot.go:82: Spooty: sing!
MSG: 2024/03/13 00:25:53 bot.go:82: inexizi: !song
MSG: 2024/03/13 00:25:54 bot.go:82: Spooty: sing!
MSG: 2024/03/13 00:36:04 bot.go:87: inexizi: !song
MSG: 2024/03/13 00:44:41 bot.go:87: inexizi: !song
MSG: 2024/03/13 00:46:24 bot.go:86: inexizi: !song
MSG: 2024/03/13 00:46:24 bot.go:86: Spooty: 
MSG: 2024/03/15 17:11:05 bot.go:86: inexizi: !song
MSG: 2024/03/15 17:11:05 bot.go:86: Spooty: 
MSG: 2024/03/15 17:12:10 bot.go:86: inexizi: !song
MSG: 2024/03/15 17:12:10 bot.go:86: Spooty: 
MSG: 2024/03/15 17:13:27 bot.go:86: inexizi: !song
MSG: 2024/03/15 17:13:27 bot.go:86: Spooty: 
MSG: 2024/03/15 17:18:33 bot.go:86: inexizi: !ыщтп
MSG: 2024/03/15 17:18:37 bot.go:86: inexizi: !song
MSG: 2024/03/15 17:18:37 bot.go:86: Spooty: 
MSG: 2024/03/15 17:43:59 bot.go:86: inexizi: !song
MSG: 2024/03/15 17:44:00 bot.go:86: Spooty: 
MSG: 2024/03/15 17:44:36 bot.go:86: inexizi: !song
MSG: 2024/03/15 17:44:37 bot.go:86: Spooty: 
MSG: 2024/03/15 17:46:15 bot.go:86: inexizi: !song
MSG: 2024/03/15 17:46:15 bot.go:86: Spooty: 
MSG: 2024/03/15 18:34:22 bot.go:88: inexizi: !song
MSG: 2024/03/15 19:13:48 bot.go:88: inexizi: !song
MSG: 2024/03/15 19:20:44 bot.go:88: inexizi: !song
MSG: 2024/03/15 19:22:40 bot.go:88: inexizi: !song
MSG: 2024/03/15 21:56:01 bot.go:86: inexizi: !song
MSG: 2024/03/15 21:56:01 bot.go:86: Spooty: 
MSG: 2024/03/15 22:01:47 bot.go:87: inexizi: !song
MSG: 2024/03/15 22:01:47 bot.go:87: Spooty: 
MSG: 2024/03/15 22:04:17 bot.go:87: inexizi: !song
MSG: 2024/03/15 22:04:18 bot.go:87: Spooty: 
MSG: 2024/03/15 22:04:50 bot.go:87: inexizi: !song
MSG: 2024/03/15 22:04:51 bot.go:87: Spooty: 
MSG: 2024/03/15 22:05:47 bot.go:87: inexizi: !song
MSG: 2024/03/15 22:05:48 bot.go:87: Spooty: 
MSG: 2024/03/15 22:06:23 bot.go:87: inexizi: !song
MSG: 2024/03/15 22:06:23 bot.go:87: Spooty: 
MSG: 2024/03/15 23:22:16 bot.go:87: inexizi: !song
MSG: 2024/03/15 23:22:16 bot.go:87: Spooty: 
MSG: 2024/03/15 23:29:25 bot.go:87: inexizi: !song
MSG: 2024/03/15 23:29:26 bot.go:87: Spooty: 
MSG: 2024/03/15 23:30:13 bot.go:87: inexizi: !song
MSG: 2024/03/15 23:30:13 bot.go:87: Spooty: 
MSG: 2024/03/15 23:32:28 bot.go:87: inexizi: !song
MSG: 2024/03/15 23:32:28 bot.go:87: Spooty: 
MSG: 2024/03/15 23:36:21 bot.go:87: inexizi: !song
MSG: 2024/03/15 23:36:22 bot.go:87: Spooty: 
MSG: 2024/03/15 23:38:10 bot.go:87: inexizi: !song
MSG: 2024/03/15 23:38:11 bot.go:87: Spooty: 
MSG: 2024/03/15 23:39:04 bot.go:88: inexizi: !song
MSG: 2024/03/15 23:39:04 bot.go:88: Spooty: 
MSG: 2024/03/15 23:55:10 bot.go:88: inexizi: !song
MSG: 2024/03/15 23:55:11 bot.go:88: Spooty: 
MSG: 2024/03/15 23:55:42 bot.go:88: inexizi: !song
MSG: 2024/03/15 23:55:43 bot.go:88: Spooty: 
MSG: 2024/03/16 00:00:57 bot.go:88: inexizi: !song
MSG: 2024/03/16 00:00:57 bot.go:88: Spooty: 
MSG: 2024/03/16 00:03:46 bot.go:89: inexizi: !song
MSG: 2024/03/16 00:03:46 bot.go:89: Spooty: 
MSG: 2024/03/16 00:15:23 bot.go:88: inexizi: !song
MSG: 2024/03/16 00:17:46 bot.go:88: inexizi: !song
MSG: 2024/03/16 00:17:47 bot.go:88: Spooty: 
MSG: 2024/03/16 00:25:30 bot.go:88: inexizi: !song
MSG: 2024/03/16 00:25:31 bot.go:88: Spooty: 
MSG: 2024/03/16 00:25:49 bot.go:88: inexizi: !song
MSG: 2024/03/16 00:25:50 bot.go:88: Spooty: 
MSG: 2024/03/16 00:29:39 bot.go:88: inexizi: !song
MSG: 2024/03/16 00:29:40 bot.go:88: Spooty: 
MSG: 2024/03/16 00:34:51 bot.go:88: inexizi: !song
MSG: 2024/03/16 00:34:51 bot.go:88: Spooty: 
MSG: 2024/03/16 00:37:42 bot.go:88: inexizi: !song
MSG: 2024/03/16 00:37:43 bot.go:88: Spooty: 
MSG: 2024/03/16 00:39:37 bot.go:88: inexizi: !song
MSG: 2024/03/16 00:39:38 bot.go:88: Spooty: 
MSG: 2024/03/16 00:44:25 bot.go:88: inexizi: !song
MSG: 2024/03/16 00:44:26 bot.go:88: Spooty: 
MSG: 2024/03/16 00:46:39 bot.go:88: inexizi: !song
MSG: 2024/03/16 00:46:40 bot.go:88: Spooty: 
MSG: 2024/03/16 00:51:07 bot.go:88: inexizi: !song
MSG: 2024/03/16 00:51:08 bot.go:88: Spooty: 
MSG: 2024/03/16 00:51:27 bot.go:88: inexizi: !song
MSG: 2024/03/16 00:51:27 bot.go:88: Spooty: 
MSG: 2024/03/16 00:54:54 bot.go:88: inexizi: !song
MSG: 2024/03/16 00:54:54 bot.go:88: Spooty: 
MSG: 2024/03/16 00:56:49 bot.go:88: inexizi: !song
MSG: 2024/03/16 00:56:50 bot.go:88: Spooty: 
MSG: 2024/03/16 00:58:26 bot.go:88: inexizi: !song
MSG: 2024/03/16 00:58:27 bot.go:88: Spooty: 
MSG: 2024/03/16 00:58:58 bot.go:88: inexizi: !song
MSG: 2024/03/16 00:58:58 bot.go:88: Spooty: 
MSG: 2024/03/16 01:03:31 bot.go:88: inexizi: !song
MSG: 2024/03/16 01:03:31 bot.go:88: Spooty: 
MSG: 2024/03/16 01:06:29 bot.go:88: inexizi: !song
MSG: 2024/03/16 01:06:30 bot.go:88: Spooty: 
MSG: 2024/03/16 01:07:59 bot.go:88: inexizi: !song
MSG: 2024/03/16 01:07:59 bot.go:88: Spooty: 
MSG: 2024/03/16 01:08:48 bot.go:88: inexizi: !song
MSG: 2024/03/16 01:08:48 bot.go:88: Spooty: 
MSG: 2024/03/16 01:09:12 bot.go:88: inexizi: !song
MSG: 2024/03/16 01:09:13 bot.go:88: Spooty: 
MSG: 2024/03/16 01:09:43 bot.go:88: inexizi: !song
MSG: 2024/03/16 01:09:43 bot.go:88: Spooty: 
MSG: 2024/03/16 01:10:11 bot.go:88: inexizi: !song
MSG: 2024/03/16 01:10:11 bot.go:88: Spooty: 
MSG: 2024/03/16 01:12:42 bot.go:88: inexizi: !song
MSG: 2024/03/16 01:12:43 bot.go:88: Spooty: 
MSG: 2024/03/16 01:13:03 bot.go:88: inexizi: !son
MSG: 2024/03/16 01:13:10 bot.go:88: inexizi: !song
MSG: 2024/03/16 01:13:11 bot.go:88: Spooty: 
MSG: 2024/03/16 01:13:22 bot.go:88: inexizi: !song
MSG: 2024/03/16 01:13:23 bot.go:88: Spooty: 
MSG: 2024/03/16 01:14:14 bot.go:88: inexizi: !song
MSG: 2024/03/16 01:14:14 bot.go:88: Spooty: 
MSG: 2024/03/16 01:18:01 bot.go:39: inexizi: !song
MSG: 2024/03/16 01:18:02 bot.go:39: Spooty: 
MSG: 2024/03/16 01:18:46 bot.go:39: inexizi: !song
MSG: 2024/03/16 01:18:47 bot.go:39: Spooty: 
MSG: 2024/03/16 01:19:16 bot.go:39: inexizi: !song
MSG: 2024/03/16 01:19:16 bot.go:39: Spooty: 
MSG: 2024/03/16 01:20:07 bot.go:38: inexizi: !song
MSG: 2024/03/16 01:20:08 bot.go:38: Spooty: 
MSG: 2024/03/16 01:20:19 bot.go:38: inexizi: !song
MSG: 2024/03/16 01:20:19 bot.go:38: Spooty: 
MSG: 2024/03/16 01:20:32 bot.go:38: inexizi: !song
MSG: 2024/03/16 01:20:32 bot.go:38: Spooty: 
MSG: 2024/03/16 01:22:02 bot.go:38: inexizi: !song
MSG: 2024/03/16 01:22:03 bot.go:38: Spooty: 
MSG: 2024/03/16 01:26:45 bot.go:38: inexizi: !sing
MSG: 2024/03/16 01:26:52 bot.go:38: inexizi: !song
MSG: 2024/03/16 01:26:53 bot.go:38: Spooty: 
MSG: 2024/03/16 01:27:06 bot.go:38: inexizi: !song
MSG: 2024/03/16 01:27:06 bot.go:38: Spooty: 
MSG: 2024/03/16 01:27:30 bot.go:38: inexizi: !song
MSG: 2024/03/16 01:27:30 bot.go:38: Spooty: 
MSG: 2024/03/18 13:38:33 bot.go:38: inexizi: !song
MSG: 2024/03/18 13:38:34 bot.go:38: Spooty: 
MSG: 2024/03/18 13:48:06 bot.go:38: inexizi: !song
MSG: 2024/03/18 13:48:06 bot.go:38: Spooty: 
MSG: 2024/03/18 13:51:06 bot.go:38: inexizi: !song
MSG: 2024/03/18 13:51:06 bot.go:38: Spooty: 
MSG: 2024/03/18 13:52:16 bot.go:38: inexizi: !song
MSG: 2024/03/18 13:52:17 bot.go:38: Spooty: 
MSG: 2024/03/18 13:54:02 bot.go:39: inexizi: !song
MSG: 2024/03/18 13:54:12 bot.go:39: inexizi: !song
MSG: 2024/03/18 13:55:45 bot.go:39: inexizi: !song
MSG: 2024/03/18 13:56:02 bot.go:38: inexizi: !song
MSG: 2024/03/18 13:56:02 bot.go:38: Spooty: 
MSG: 2024/03/18 13:59:09 bot.go:38: inexizi: !song
MSG: 2024/03/18 13:59:10 bot.go:38: Spooty: 
MSG: 2024/03/18 14:00:17 bot.go:38: inexizi: !song
MSG: 2024/03/18 14:00:18 bot.go:38: Spooty: 
MSG: 2024/03/18 14:02:11 bot.go:38: inexizi: !song
MSG: 2024/03/18 14:02:12 bot.go:38: Spooty: 
MSG: 2024/03/18 14:06:09 bot.go:38: inexizi: !song
MSG: 2024/03/18 14:06:10 bot.go:38: Spooty: 
MSG: 2024/03/18 14:09:48 bot.go:38: inexizi: !song
MSG: 2024/03/18 14:09:49 bot.go:38: Spooty: 
MSG: 2024/03/18 14:10:08 bot.go:38: inexizi: !song
MSG: 2024/03/18 14:10:08 bot.go:38: Spooty: 
MSG: 2024/03/18 14:12:44 bot.go:38: inexizi: !song
MSG: 2024/03/18 14:12:44 bot.go:38: Spooty: 
MSG: 2024/03/18 14:13:42 bot.go:38: inexizi: !song
MSG: 2024/03/18 14:13:42 bot.go:38: Spooty: 
MSG: 2024/03/18 14:18:15 bot.go:38: inexizi: !song
MSG: 2024/03/18 14:18:15 bot.go:38: Spooty: 
MSG: 2024/03/18 14:18:40 bot.go:38: inexizi: 1
MSG: 2024/03/18 14:18:41 bot.go:38: Spooty: 2
MSG: 2024/03/18 16:11:28 bot.go:38: inexizi: !song
MSG: 2024/03/18 16:11:29 bot.go:38: Spooty: 
MSG: 2024/03/18 16:11:36 bot.go:38: inexizi: !song
MSG: 2024/03/18 16:11:36 bot.go:38: Spooty: 
MSG: 2024/03/18 16:41:55 bot.go:38: inexizi: !song
MSG: 2024/03/18 16:41:55 bot.go:38: Spooty: 
MSG: 2024/03/18 16:56:34 bot.go:38: inexizi: !song
MSG: 2024/03/18 16:56:34 bot.go:38: Spooty: 
MSG: 2024/03/18 17:27:40 bot.go:546: inexizi: !song
MSG: 2024/03/18 17:29:32 bot.go:39: inexizi: !song
MSG: 2024/03/18 17:30:34 bot.go:39: inexizi: 1
MSG: 2024/03/18 17:30:34 bot.go:39: Spooty: 2
MSG: 2024/03/18 17:32:00 bot.go:40: inexizi: !song
MSG: 2024/03/18 17:32:37 bot.go:39: inexizi: !song
MSG: 2024/03/18 17:34:48 bot.go:39: inexizi: !osng
MSG: 2024/03/18 17:34:56 bot.go:39: inexizi: !song
MSG: 2024/03/18 17:34:57 bot.go:39: Spooty: music currently isn't playing
MSG: 2024/03/18 17:35:08 bot.go:39: inexizi: !song
MSG: 2024/03/18 17:35:09 bot.go:39: Spooty: 
MSG: 2024/03/18 17:35:18 bot.go:39: inexizi: !song
MSG: 2024/03/18 17:35:18 bot.go:39: Spooty: music currently isn't playing
MSG: 2024/03/18 18:13:09 bot.go:40: inexizi: !song
MSG: 2024/03/18 18:13:10 bot.go:40: Spooty: music currently isn't playing
2024/03/18 18:25:21 [DG0] event.go:124:AddHandler() Invalid handler type, handler will never be called
MSG: 2024/03/18 18:28:41 bot.go:68: Spooty: Hello world!
MSG: 2024/03/18 18:30:47 bot.go:51: Spooty: Hello world!
MSG: 2024/03/18 19:15:25 bot.go:55: Spooty: First command!
MSG: 2024/03/18 19:15:28 bot.go:55: Spooty: Second command!
MSG: 2024/03/23 14:47:46 bot.go:60: Spooty: song command message
MSG: 2024/03/23 14:50:28 bot.go:60: Spooty: First command!
2024/03/23 15:04:53 [DG0] event.go:124:AddHandler() Invalid handler type, handler will never be called
MSG: 2024/03/23 15:05:25 bot.go:74: inexizi: !song
MSG: 2024/03/23 15:05:25 bot.go:74: Spooty: 
2024/03/23 15:12:20 [DG0] event.go:124:AddHandler() Invalid handler type, handler will never be called
2024/03/23 15:12:54 [DG0] event.go:124:AddHandler() Invalid handler type, handler will never be called
2024/03/23 15:13:31 [DG0] event.go:124:AddHandler() Invalid handler type, handler will never be called
2024/03/23 16:41:25 [DG0] event.go:124:AddHandler() Invalid handler type, handler will never be called
2024/03/23 16:42:08 [DG0] event.go:124:AddHandler() Invalid handler type, handler will never be called
2024/03/23 17:00:06 [DG0] event.go:124:AddHandler() Invalid handler type, handler will never be called
MSG: 2024/03/23 17:01:07 bot.go:74: Spooty: song command message
2024/03/23 18:01:00 [DG0] event.go:124:AddHandler() Invalid handler type, handler will never be called
MSG: 2024/03/23 18:01:03 bot.go:74: inexizi: !song
MSG: 2024/03/23 18:01:04 bot.go:74: Spooty: 
2024/03/23 18:19:10 [DG0] event.go:124:AddHandler() Invalid handler type, handler will never be called
MSG: 2024/03/23 18:21:20 bot.go:74: Spooty: First command!
MSG: 2024/03/23 18:21:24 bot.go:74: Spooty: song command message
MSG: 2024/03/23 18:55:43 bot.go:75: Spooty: song command message
MSG: 2024/03/26 23:57:48 bot.go:75: Spooty: 
MSG: 2024/03/27 00:55:19 bot.go:75: Spooty: 
MSG: 2024/10/23 09:28:42 bot.go:75: Spooty: 
MSG: 2024/10/23 09:30:54 bot.go:75: Spooty: 
MSG: 2024/10/23 10:10:25 bot.go:75: Spooty: 
